<?xml version="1.0" encoding="UTF-8"?>
<testsuite name="uk.co.huntersix.spring.rest.controller.SmokeTest" tests="1" skipped="0" failures="0" errors="0" timestamp="2020-02-04T11:18:48" hostname="Mehmets-MBP.home" time="0.002">
  <properties/>
  <testcase name="contexLoads" classname="uk.co.huntersix.spring.rest.controller.SmokeTest" time="0.002"/>
  <system-out><![CDATA[2020-02-04 11:18:48.062  INFO 6465 --- [    Test worker] .b.t.c.SpringBootTestContextBootstrapper : Neither @ContextConfiguration nor @ContextHierarchy found for test class [uk.co.huntersix.spring.rest.controller.SmokeTest], using SpringBootContextLoader
2020-02-04 11:18:48.063  INFO 6465 --- [    Test worker] o.s.t.c.support.AbstractContextLoader    : Could not detect default resource locations for test class [uk.co.huntersix.spring.rest.controller.SmokeTest]: no resource found for suffixes {-context.xml, Context.groovy}.
2020-02-04 11:18:48.063  INFO 6465 --- [    Test worker] t.c.s.AnnotationConfigContextLoaderUtils : Could not detect default configuration classes for test class [uk.co.huntersix.spring.rest.controller.SmokeTest]: SmokeTest does not declare any static, non-private, non-final, nested classes annotated with @Configuration.
2020-02-04 11:18:48.065  INFO 6465 --- [    Test worker] .b.t.c.SpringBootTestContextBootstrapper : Found @SpringBootConfiguration uk.co.huntersix.spring.rest.Application for test class uk.co.huntersix.spring.rest.controller.SmokeTest
2020-02-04 11:18:48.066  INFO 6465 --- [    Test worker] .b.t.c.SpringBootTestContextBootstrapper : Loaded default TestExecutionListener class names from location [META-INF/spring.factories]: [org.springframework.boot.test.autoconfigure.restdocs.RestDocsTestExecutionListener, org.springframework.boot.test.autoconfigure.web.client.MockRestServiceServerResetTestExecutionListener, org.springframework.boot.test.autoconfigure.web.servlet.MockMvcPrintOnlyOnFailureTestExecutionListener, org.springframework.boot.test.autoconfigure.web.servlet.WebDriverTestExecutionListener, org.springframework.boot.test.mock.mockito.MockitoTestExecutionListener, org.springframework.boot.test.mock.mockito.ResetMocksTestExecutionListener, org.springframework.test.context.web.ServletTestExecutionListener, org.springframework.test.context.support.DirtiesContextBeforeModesTestExecutionListener, org.springframework.test.context.support.DependencyInjectionTestExecutionListener, org.springframework.test.context.support.DirtiesContextTestExecutionListener, org.springframework.test.context.transaction.TransactionalTestExecutionListener, org.springframework.test.context.jdbc.SqlScriptsTestExecutionListener]
2020-02-04 11:18:48.067  INFO 6465 --- [    Test worker] .b.t.c.SpringBootTestContextBootstrapper : Using TestExecutionListeners: [org.springframework.test.context.web.ServletTestExecutionListener@25e0b37c, org.springframework.test.context.support.DirtiesContextBeforeModesTestExecutionListener@141568, org.springframework.boot.test.mock.mockito.MockitoTestExecutionListener@6957a100, org.springframework.boot.test.autoconfigure.SpringBootDependencyInjectionTestExecutionListener@60b16c7b, org.springframework.test.context.support.DirtiesContextTestExecutionListener@406a5842, org.springframework.boot.test.autoconfigure.restdocs.RestDocsTestExecutionListener@60f5ba72, org.springframework.boot.test.autoconfigure.web.client.MockRestServiceServerResetTestExecutionListener@34fe48cd, org.springframework.boot.test.autoconfigure.web.servlet.MockMvcPrintOnlyOnFailureTestExecutionListener@5f47289d, org.springframework.boot.test.autoconfigure.web.servlet.WebDriverTestExecutionListener@4dfdc37f, org.springframework.boot.test.mock.mockito.ResetMocksTestExecutionListener@16c698]
]]></system-out>
  <system-err><![CDATA[]]></system-err>
</testsuite>
