<?xml version="1.0" encoding="UTF-8"?>
<testsuite name="uk.co.huntersix.spring.rest.controller.HttpRequestTest" tests="1" skipped="0" failures="0" errors="0" timestamp="2020-02-04T11:18:47" hostname="Mehmets-MBP.home" time="0.301">
  <properties/>
  <testcase name="shouldReturnPersonDetails" classname="uk.co.huntersix.spring.rest.controller.HttpRequestTest" time="0.301"/>
  <system-out><![CDATA[2020-02-04 11:18:46.831  INFO 6465 --- [    Test worker] .b.t.c.SpringBootTestContextBootstrapper : Neither @ContextConfiguration nor @ContextHierarchy found for test class [uk.co.huntersix.spring.rest.controller.HttpRequestTest], using SpringBootContextLoader
2020-02-04 11:18:46.832  INFO 6465 --- [    Test worker] o.s.t.c.support.AbstractContextLoader    : Could not detect default resource locations for test class [uk.co.huntersix.spring.rest.controller.HttpRequestTest]: no resource found for suffixes {-context.xml, Context.groovy}.
2020-02-04 11:18:46.832  INFO 6465 --- [    Test worker] t.c.s.AnnotationConfigContextLoaderUtils : Could not detect default configuration classes for test class [uk.co.huntersix.spring.rest.controller.HttpRequestTest]: HttpRequestTest does not declare any static, non-private, non-final, nested classes annotated with @Configuration.
2020-02-04 11:18:46.844  INFO 6465 --- [    Test worker] .b.t.c.SpringBootTestContextBootstrapper : Found @SpringBootConfiguration uk.co.huntersix.spring.rest.Application for test class uk.co.huntersix.spring.rest.controller.HttpRequestTest
2020-02-04 11:18:46.846  INFO 6465 --- [    Test worker] .b.t.c.SpringBootTestContextBootstrapper : Loaded default TestExecutionListener class names from location [META-INF/spring.factories]: [org.springframework.boot.test.autoconfigure.restdocs.RestDocsTestExecutionListener, org.springframework.boot.test.autoconfigure.web.client.MockRestServiceServerResetTestExecutionListener, org.springframework.boot.test.autoconfigure.web.servlet.MockMvcPrintOnlyOnFailureTestExecutionListener, org.springframework.boot.test.autoconfigure.web.servlet.WebDriverTestExecutionListener, org.springframework.boot.test.mock.mockito.MockitoTestExecutionListener, org.springframework.boot.test.mock.mockito.ResetMocksTestExecutionListener, org.springframework.test.context.web.ServletTestExecutionListener, org.springframework.test.context.support.DirtiesContextBeforeModesTestExecutionListener, org.springframework.test.context.support.DependencyInjectionTestExecutionListener, org.springframework.test.context.support.DirtiesContextTestExecutionListener, org.springframework.test.context.transaction.TransactionalTestExecutionListener, org.springframework.test.context.jdbc.SqlScriptsTestExecutionListener]
2020-02-04 11:18:46.847  INFO 6465 --- [    Test worker] .b.t.c.SpringBootTestContextBootstrapper : Using TestExecutionListeners: [org.springframework.test.context.web.ServletTestExecutionListener@5b7f9b9d, org.springframework.test.context.support.DirtiesContextBeforeModesTestExecutionListener@5cbd30f9, org.springframework.boot.test.mock.mockito.MockitoTestExecutionListener@4ccd0ea7, org.springframework.boot.test.autoconfigure.SpringBootDependencyInjectionTestExecutionListener@2b7a7a5e, org.springframework.test.context.support.DirtiesContextTestExecutionListener@c7ebfdf, org.springframework.boot.test.autoconfigure.restdocs.RestDocsTestExecutionListener@39f17c51, org.springframework.boot.test.autoconfigure.web.client.MockRestServiceServerResetTestExecutionListener@1dede5fe, org.springframework.boot.test.autoconfigure.web.servlet.MockMvcPrintOnlyOnFailureTestExecutionListener@653dc497, org.springframework.boot.test.autoconfigure.web.servlet.WebDriverTestExecutionListener@1c440fa8, org.springframework.boot.test.mock.mockito.ResetMocksTestExecutionListener@2e65fb85]

  .   ____          _            __ _ _
 /\\ / ___'_ __ _ _(_)_ __  __ _ \ \ \ \
( ( )\___ | '_ | '_| | '_ \/ _` | \ \ \ \
 \\/  ___)| |_)| | | | | || (_| |  ) ) ) )
  '  |____| .__|_| |_|_| |_\__, | / / / /
 =========|_|==============|___/=/_/_/_/
 :: Spring Boot ::        (v2.1.6.RELEASE)

2020-02-04 11:18:46.869  INFO 6465 --- [    Test worker] u.c.h.s.rest.controller.HttpRequestTest  : Starting HttpRequestTest on Mehmets-MBP with PID 6465 (started by mfd in /Users/mfd/Documents/java-spring-restful-api-test-master)
2020-02-04 11:18:46.870  INFO 6465 --- [    Test worker] u.c.h.s.rest.controller.HttpRequestTest  : No active profile set, falling back to default profiles: default
2020-02-04 11:18:47.196  INFO 6465 --- [    Test worker] o.s.b.w.embedded.tomcat.TomcatWebServer  : Tomcat initialized with port(s): 0 (http)
2020-02-04 11:18:47.233  INFO 6465 --- [    Test worker] o.apache.catalina.core.StandardService   : Starting service [Tomcat]
2020-02-04 11:18:47.234  INFO 6465 --- [    Test worker] org.apache.catalina.core.StandardEngine  : Starting Servlet engine: [Apache Tomcat/9.0.21]
2020-02-04 11:18:47.346  INFO 6465 --- [    Test worker] o.a.c.c.C.[Tomcat].[localhost].[/]       : Initializing Spring embedded WebApplicationContext
2020-02-04 11:18:47.347  INFO 6465 --- [    Test worker] o.s.web.context.ContextLoader            : Root WebApplicationContext: initialization completed in 475 ms
2020-02-04 11:18:47.560  INFO 6465 --- [    Test worker] o.s.s.concurrent.ThreadPoolTaskExecutor  : Initializing ExecutorService 'applicationTaskExecutor'
2020-02-04 11:18:47.753  INFO 6465 --- [    Test worker] o.s.b.w.embedded.tomcat.TomcatWebServer  : Tomcat started on port(s): 54537 (http) with context path ''
2020-02-04 11:18:47.754  INFO 6465 --- [    Test worker] u.c.h.s.rest.controller.HttpRequestTest  : Started HttpRequestTest in 0.906 seconds (JVM running for 4.037)
2020-02-04 11:18:47.881  INFO 6465 --- [o-auto-1-exec-1] o.a.c.c.C.[Tomcat].[localhost].[/]       : Initializing Spring DispatcherServlet 'dispatcherServlet'
2020-02-04 11:18:47.882  INFO 6465 --- [o-auto-1-exec-1] o.s.web.servlet.DispatcherServlet        : Initializing Servlet 'dispatcherServlet'
2020-02-04 11:18:47.907  INFO 6465 --- [o-auto-1-exec-1] o.s.web.servlet.DispatcherServlet        : Completed initialization in 25 ms
]]></system-out>
  <system-err><![CDATA[]]></system-err>
</testsuite>
